Move by player: 0
┌╴ ╶┬╴ ╶┬╴ ╶┐
             
├╴ ╶┼╴ ╶┼╴ ╶┤
             
├╴ ╶┼╴ ╶┼╴ ╶┤
        │    
└╴ ╶┴╴ ╶┴╴ ╶┘

Move by player: 1
┌╴ ╶┬╴ ╶┬╴ ╶┐
        │    
├╴ ╶┼╴ ╶┼╴ ╶┤
             
├╴ ╶┼╴ ╶┼╴ ╶┤
        │    
└╴ ╶┴╴ ╶┴╴ ╶┘

Move by player: 0
┌╴ ╶┬╴ ╶┬╴ ╶┐
        │    
├╴ ╶┼╴ ╶┼╴ ╶┤
             
├───┼╴ ╶┼╴ ╶┤
        │    
└╴ ╶┴╴ ╶┴╴ ╶┘

Move by player: 1
┌╴ ╶┬╴ ╶┬╴ ╶┐
        │    
├───┼╴ ╶┼╴ ╶┤
             
├───┼╴ ╶┼╴ ╶┤
        │    
└╴ ╶┴╴ ╶┴╴ ╶┘

Move by player: 0
┌╴ ╶┬╴ ╶┬╴ ╶┐
        │    
├───┼╴ ╶┼╴ ╶┤
        │    
├───┼╴ ╶┼╴ ╶┤
        │    
└╴ ╶┴╴ ╶┴╴ ╶┘

Move by player: 1
┌╴ ╶┬╴ ╶┬╴ ╶┐
        │    
├───┼╴ ╶┼╴ ╶┤
    │   │    
├───┼╴ ╶┼╴ ╶┤
        │    
└╴ ╶┴╴ ╶┴╴ ╶┘

Move by player: 0
┌╴ ╶┬╴ ╶┬╴ ╶┐
        │    
├───┼╴ ╶┼╴ ╶┤
│ 1 │   │    
├───┼╴ ╶┼╴ ╶┤
        │    
└╴ ╶┴╴ ╶┴╴ ╶┘

Move by player: 0
┌───┬╴ ╶┬╴ ╶┐
        │    
├───┼╴ ╶┼╴ ╶┤
│ 1 │   │    
├───┼╴ ╶┼╴ ╶┤
        │    
└╴ ╶┴╴ ╶┴╴ ╶┘

Move by player: 1
┌───┬╴ ╶┬╴ ╶┐
        │    
├───┼───┼╴ ╶┤
│ 1 │   │    
├───┼╴ ╶┼╴ ╶┤
        │    
└╴ ╶┴╴ ╶┴╴ ╶┘

Move by player: 0
┌───┬╴ ╶┬╴ ╶┐
        │   │
├───┼───┼╴ ╶┤
│ 1 │   │    
├───┼╴ ╶┼╴ ╶┤
        │    
└╴ ╶┴╴ ╶┴╴ ╶┘

Move by player: 1
┌───┬╴ ╶┬╴ ╶┐
        │   │
├───┼───┼╴ ╶┤
│ 1 │ 2 │    
├───┼───┼╴ ╶┤
        │    
└╴ ╶┴╴ ╶┴╴ ╶┘

Move by player: 1
┌───┬╴ ╶┬╴ ╶┐
        │   │
├───┼───┼╴ ╶┤
│ 1 │ 2 │    
├───┼───┼╴ ╶┤
        │    
└╴ ╶┴╴ ╶┴───┘

Move by player: 0
┌───┬───┬╴ ╶┐
        │   │
├───┼───┼╴ ╶┤
│ 1 │ 2 │    
├───┼───┼╴ ╶┤
        │    
└╴ ╶┴╴ ╶┴───┘

Move by player: 1
┌───┬───┬╴ ╶┐
        │   │
├───┼───┼╴ ╶┤
│ 1 │ 2 │    
├───┼───┼╴ ╶┤
        │   │
└╴ ╶┴╴ ╶┴───┘

Move by player: 0
┌───┬───┬╴ ╶┐
        │   │
├───┼───┼╴ ╶┤
│ 1 │ 2 │   │
├───┼───┼╴ ╶┤
        │   │
└╴ ╶┴╴ ╶┴───┘

Move by player: 1
┌───┬───┬╴ ╶┐
        │   │
├───┼───┼╴ ╶┤
│ 1 │ 2 │   │
├───┼───┼╴ ╶┤
    │   │   │
└╴ ╶┴╴ ╶┴───┘

Move by player: 0
┌───┬───┬╴ ╶┐
    │ 1 │   │
├───┼───┼╴ ╶┤
│ 1 │ 2 │   │
├───┼───┼╴ ╶┤
    │   │   │
└╴ ╶┴╴ ╶┴───┘

Move by player: 0
┌───┬───┬╴ ╶┐
    │ 1 │   │
├───┼───┼╴ ╶┤
│ 1 │ 2 │   │
├───┼───┼╴ ╶┤
    │ 1 │   │
└╴ ╶┴───┴───┘

Move by player: 0
┌───┬───┬╴ ╶┐
    │ 1 │   │
├───┼───┼───┤
│ 1 │ 2 │   │
├───┼───┼╴ ╶┤
    │ 1 │   │
└╴ ╶┴───┴───┘

Move by player: 1
┌───┬───┬╴ ╶┐
    │ 1 │   │
├───┼───┼───┤
│ 1 │ 2 │   │
├───┼───┼╴ ╶┤
    │ 1 │   │
└───┴───┴───┘

Move by player: 0
┌───┬───┬╴ ╶┐
    │ 1 │   │
├───┼───┼───┤
│ 1 │ 2 │ 1 │
├───┼───┼───┤
    │ 1 │ 1 │
└───┴───┴───┘

Move by player: 0
┌───┬───┬╴ ╶┐
    │ 1 │   │
├───┼───┼───┤
│ 1 │ 2 │ 1 │
├───┼───┼───┤
│ 1 │ 1 │ 1 │
└───┴───┴───┘

Move by player: 0
┌───┬───┬───┐
    │ 1 │ 1 │
├───┼───┼───┤
│ 1 │ 2 │ 1 │
├───┼───┼───┤
│ 1 │ 1 │ 1 │
└───┴───┴───┘

Move by player: 0
┌───┬───┬───┐
│ 1 │ 1 │ 1 │
├───┼───┼───┤
│ 1 │ 2 │ 1 │
├───┼───┼───┤
│ 1 │ 1 │ 1 │
└───┴───┴───┘

[1.0, -1.0]
SUCCESS!
Move by player: 0
┌╴ ╶┬───┬╴ ╶┐
             
├╴ ╶┼╴ ╶┼╴ ╶┤
             
├╴ ╶┼╴ ╶┼╴ ╶┤
             
└╴ ╶┴╴ ╶┴╴ ╶┘

Move by player: 1
┌╴ ╶┬───┬───┐
             
├╴ ╶┼╴ ╶┼╴ ╶┤
             
├╴ ╶┼╴ ╶┼╴ ╶┤
             
└╴ ╶┴╴ ╶┴╴ ╶┘

Move by player: 0
┌╴ ╶┬───┬───┐
             
├╴ ╶┼╴ ╶┼╴ ╶┤
    │        
├╴ ╶┼╴ ╶┼╴ ╶┤
             
└╴ ╶┴╴ ╶┴╴ ╶┘

Move by player: 1
┌╴ ╶┬───┬───┐
             
├╴ ╶┼╴ ╶┼╴ ╶┤
    │        
├╴ ╶┼╴ ╶┼╴ ╶┤
             
└╴ ╶┴───┴╴ ╶┘

Move by player: 0
┌╴ ╶┬───┬───┐
             
├╴ ╶┼╴ ╶┼───┤
    │        
├╴ ╶┼╴ ╶┼╴ ╶┤
             
└╴ ╶┴───┴╴ ╶┘

Move by player: 1
┌╴ ╶┬───┬───┐
             
├╴ ╶┼───┼───┤
    │        
├╴ ╶┼╴ ╶┼╴ ╶┤
             
└╴ ╶┴───┴╴ ╶┘

Move by player: 0
┌╴ ╶┬───┬───┐
            │
├╴ ╶┼───┼───┤
    │        
├╴ ╶┼╴ ╶┼╴ ╶┤
             
└╴ ╶┴───┴╴ ╶┘

Move by player: 1
┌╴ ╶┬───┬───┐
    │       │
├╴ ╶┼───┼───┤
    │        
├╴ ╶┼╴ ╶┼╴ ╶┤
             
└╴ ╶┴───┴╴ ╶┘

Move by player: 0
┌╴ ╶┬───┬───┐
    │       │
├╴ ╶┼───┼───┤
    │        
├╴ ╶┼╴ ╶┼╴ ╶┤
            │
└╴ ╶┴───┴╴ ╶┘

Move by player: 1
┌╴ ╶┬───┬───┐
    │       │
├╴ ╶┼───┼───┤
│   │        
├╴ ╶┼╴ ╶┼╴ ╶┤
            │
└╴ ╶┴───┴╴ ╶┘

Move by player: 0
┌╴ ╶┬───┬───┐
    │       │
├╴ ╶┼───┼───┤
│   │        
├╴ ╶┼╴ ╶┼╴ ╶┤
            │
└╴ ╶┴───┴───┘

Move by player: 1
┌╴ ╶┬───┬───┐
    │ 2 │ 2 │
├╴ ╶┼───┼───┤
│   │        
├╴ ╶┼╴ ╶┼╴ ╶┤
            │
└╴ ╶┴───┴───┘

Move by player: 1
┌───┬───┬───┐
    │ 2 │ 2 │
├╴ ╶┼───┼───┤
│   │        
├╴ ╶┼╴ ╶┼╴ ╶┤
            │
└╴ ╶┴───┴───┘

Move by player: 0
┌───┬───┬───┐
    │ 2 │ 2 │
├╴ ╶┼───┼───┤
│   │       │
├╴ ╶┼╴ ╶┼╴ ╶┤
            │
└╴ ╶┴───┴───┘

Move by player: 1
┌───┬───┬───┐
│   │ 2 │ 2 │
├╴ ╶┼───┼───┤
│   │       │
├╴ ╶┼╴ ╶┼╴ ╶┤
            │
└╴ ╶┴───┴───┘

Move by player: 0
┌───┬───┬───┐
│   │ 2 │ 2 │
├╴ ╶┼───┼───┤
│   │       │
├╴ ╶┼╴ ╶┼╴ ╶┤
│           │
└╴ ╶┴───┴───┘

Move by player: 1
┌───┬───┬───┐
│   │ 2 │ 2 │
├╴ ╶┼───┼───┤
│   │       │
├╴ ╶┼╴ ╶┼╴ ╶┤
│           │
└───┴───┴───┘

Move by player: 0
┌───┬───┬───┐
│   │ 2 │ 2 │
├╴ ╶┼───┼───┤
│   │       │
├╴ ╶┼───┼╴ ╶┤
│           │
└───┴───┴───┘

Move by player: 1
┌───┬───┬───┐
│   │ 2 │ 2 │
├╴ ╶┼───┼───┤
│   │       │
├╴ ╶┼───┼───┤
│           │
└───┴───┴───┘

Move by player: 0
┌───┬───┬───┐
│   │ 2 │ 2 │
├╴ ╶┼───┼───┤
│   │ 1 │ 1 │
├╴ ╶┼───┼───┤
│           │
└───┴───┴───┘

Move by player: 0
┌───┬───┬───┐
│   │ 2 │ 2 │
├╴ ╶┼───┼───┤
│   │ 1 │ 1 │
├╴ ╶┼───┼───┤
│   │       │
└───┴───┴───┘

Move by player: 1
┌───┬───┬───┐
│ 2 │ 2 │ 2 │
├───┼───┼───┤
│   │ 1 │ 1 │
├╴ ╶┼───┼───┤
│   │       │
└───┴───┴───┘

Move by player: 1
┌───┬───┬───┐
│ 2 │ 2 │ 2 │
├───┼───┼───┤
│ 2 │ 1 │ 1 │
├───┼───┼───┤
│ 2 │       │
└───┴───┴───┘

Move by player: 1
┌───┬───┬───┐
│ 2 │ 2 │ 2 │
├───┼───┼───┤
│ 2 │ 1 │ 1 │
├───┼───┼───┤
│ 2 │ 2 │ 2 │
└───┴───┴───┘

[-1.0, 1.0]
SUCCESS!
2
